2026-02-20 11:33:47,988 - root - INFO - Placing MARKET order: BTCUSDT BUY 0.001 @ None
2026-02-20 11:33:47,988 - root - ERROR - Order failed: API Secret required for private endpoints
2026-02-20 11:35:07,049 - root - INFO - Placing MARKET order: BTCUSDT BUY 0.001 @ None
2026-02-20 11:35:07,947 - root - ERROR - Order failed: APIError(code=-4164): Order's notional must be no smaller than 100 (unless you choose reduce only).
2026-02-20 11:35:19,423 - root - INFO - Placing MARKET order: BTCUSDT BUY 0.001 @ None
2026-02-20 11:35:19,735 - root - ERROR - Order failed: APIError(code=-1021): Timestamp for this request was 1000ms ahead of the server's time.
2026-02-20 11:36:25,656 - root - INFO - Placing MARKET order: BTCUSDT BUY 0.002 @ None
2026-02-20 11:36:26,211 - root - ERROR - Order failed: APIError(code=-1021): Timestamp for this request was 1000ms ahead of the server's time.
2026-02-20 11:38:26,813 - root - INFO - Placing MARKET order: BTCUSDT BUY 0.002 @ None
2026-02-20 11:38:27,156 - root - ERROR - Order failed: APIError(code=-1021): Timestamp for this request was 1000ms ahead of the server's time.
2026-02-20 11:42:28,823 - root - INFO - Placing MARKET order: BTCUSDT BUY 0.002 @ None
2026-02-20 11:42:28,989 - root - ERROR - Order failed: APIError(code=-1021): Timestamp for this request was 1000ms ahead of the server's time.
2026-02-20 11:43:04,257 - root - INFO - Placing MARKET order: BTCUSDT BUY 0.002 @ None
2026-02-20 11:43:04,497 - root - INFO - Order response: {'orderId': 12409797740, 'symbol': 'BTCUSDT', 'status': 'NEW', 'clientOrderId': 'x-Cb7ytekJ48699759e768199955e039', 'price': '0.00', 'avgPrice': '0.00', 'origQty': '0.002', 'executedQty': '0.000', 'cumQty': '0.000', 'cumQuote': '0.00000', 'timeInForce': 'GTC', 'type': 'MARKET', 'reduceOnly': False, 'closePosition': False, 'side': 'BUY', 'positionSide': 'BOTH', 'stopPrice': '0.00', 'workingType': 'CONTRACT_PRICE', 'priceProtect': False, 'origType': 'MARKET', 'priceMatch': 'NONE', 'selfTradePreventionMode': 'EXPIRE_MAKER', 'goodTillDate': 0, 'updateTime': 1771567984375}
2026-02-20 11:46:39,963 - root - INFO - Placing MARKET order: BTCUSDT BUY 0.002 @ None
2026-02-20 11:46:40,650 - root - INFO - Order response: {'orderId': 12409855115, 'symbol': 'BTCUSDT', 'status': 'NEW', 'clientOrderId': 'x-Cb7ytekJ5c4ca129ffc0ade15ae12e', 'price': '0.00', 'avgPrice': '0.00', 'origQty': '0.002', 'executedQty': '0.000', 'cumQty': '0.000', 'cumQuote': '0.00000', 'timeInForce': 'GTC', 'type': 'MARKET', 'reduceOnly': False, 'closePosition': False, 'side': 'BUY', 'positionSide': 'BOTH', 'stopPrice': '0.00', 'workingType': 'CONTRACT_PRICE', 'priceProtect': False, 'origType': 'MARKET', 'priceMatch': 'NONE', 'selfTradePreventionMode': 'EXPIRE_MAKER', 'goodTillDate': 0, 'updateTime': 1771568200083}
2026-02-20 11:48:58,614 - root - INFO - Placing MARKET order: BTCUSDT BUY 0.002 @ None
2026-02-20 11:48:59,352 - root - INFO - Order response: {'orderId': 12409894132, 'symbol': 'BTCUSDT', 'status': 'NEW', 'clientOrderId': 'x-Cb7ytekJ46d10863b616dde5c26fde', 'price': '0.00', 'avgPrice': '0.00', 'origQty': '0.002', 'executedQty': '0.000', 'cumQty': '0.000', 'cumQuote': '0.00000', 'timeInForce': 'GTC', 'type': 'MARKET', 'reduceOnly': False, 'closePosition': False, 'side': 'BUY', 'positionSide': 'BOTH', 'stopPrice': '0.00', 'workingType': 'CONTRACT_PRICE', 'priceProtect': False, 'origType': 'MARKET', 'priceMatch': 'NONE', 'selfTradePreventionMode': 'EXPIRE_MAKER', 'goodTillDate': 0, 'updateTime': 1771568339111}
2026-02-20 12:02:50,907 - root - INFO - Placing MARKET order: BTCUSDT BUY 0.002 @ None
2026-02-20 12:02:52,142 - root - INFO - Order response: {'orderId': 12410122151, 'symbol': 'BTCUSDT', 'status': 'NEW', 'clientOrderId': 'x-Cb7ytekJ75424539b3556cf9b69297', 'price': '0.00', 'avgPrice': '0.00', 'origQty': '0.002', 'executedQty': '0.000', 'cumQty': '0.000', 'cumQuote': '0.00000', 'timeInForce': 'GTC', 'type': 'MARKET', 'reduceOnly': False, 'closePosition': False, 'side': 'BUY', 'positionSide': 'BOTH', 'stopPrice': '0.00', 'workingType': 'CONTRACT_PRICE', 'priceProtect': False, 'origType': 'MARKET', 'priceMatch': 'NONE', 'selfTradePreventionMode': 'EXPIRE_MAKER', 'goodTillDate': 0, 'updateTime': 1771569171547}
2026-02-20 12:03:27,082 - root - INFO - Placing MARKET order: BTCUSDT BUY 0.002 @ None
2026-02-20 12:03:27,818 - root - INFO - Order response: {'orderId': 12410131385, 'symbol': 'BTCUSDT', 'status': 'NEW', 'clientOrderId': 'x-Cb7ytekJ5a8d78f6c7877b3ed5e616', 'price': '0.00', 'avgPrice': '0.00', 'origQty': '0.002', 'executedQty': '0.000', 'cumQty': '0.000', 'cumQuote': '0.00000', 'timeInForce': 'GTC', 'type': 'MARKET', 'reduceOnly': False, 'closePosition': False, 'side': 'BUY', 'positionSide': 'BOTH', 'stopPrice': '0.00', 'workingType': 'CONTRACT_PRICE', 'priceProtect': False, 'origType': 'MARKET', 'priceMatch': 'NONE', 'selfTradePreventionMode': 'EXPIRE_MAKER', 'goodTillDate': 0, 'updateTime': 1771569207519}
2026-02-20 12:04:47,879 - root - INFO - Placing MARKET order: BTCUSDT BUY 0.002 @ None
2026-02-20 12:04:48,654 - root - INFO - Order response: {'orderId': 12410155408, 'symbol': 'BTCUSDT', 'status': 'NEW', 'clientOrderId': 'x-Cb7ytekJ74f2f6d81d2617ac7a393a', 'price': '0.00', 'avgPrice': '0.00', 'origQty': '0.002', 'executedQty': '0.000', 'cumQty': '0.000', 'cumQuote': '0.00000', 'timeInForce': 'GTC', 'type': 'MARKET', 'reduceOnly': False, 'closePosition': False, 'side': 'BUY', 'positionSide': 'BOTH', 'stopPrice': '0.00', 'workingType': 'CONTRACT_PRICE', 'priceProtect': False, 'origType': 'MARKET', 'priceMatch': 'NONE', 'selfTradePreventionMode': 'EXPIRE_MAKER', 'goodTillDate': 0, 'updateTime': 1771569288387}
2026-02-20 12:06:16,109 - root - INFO - Placing MARKET order: BTCUSDT BUY 0.002 @ 20
2026-02-20 12:06:16,922 - root - INFO - Order response: {'orderId': 12410178936, 'symbol': 'BTCUSDT', 'status': 'NEW', 'clientOrderId': 'x-Cb7ytekJ6b7680b60be4889cce4493', 'price': '0.00', 'avgPrice': '0.00', 'origQty': '0.002', 'executedQty': '0.000', 'cumQty': '0.000', 'cumQuote': '0.00000', 'timeInForce': 'GTC', 'type': 'MARKET', 'reduceOnly': False, 'closePosition': False, 'side': 'BUY', 'positionSide': 'BOTH', 'stopPrice': '0.00', 'workingType': 'CONTRACT_PRICE', 'priceProtect': False, 'origType': 'MARKET', 'priceMatch': 'NONE', 'selfTradePreventionMode': 'EXPIRE_MAKER', 'goodTillDate': 0, 'updateTime': 1771569376645}
2026-02-20 12:08:09,688 - root - INFO - Placing MARKET order: FAKECOIN BUY 1 @ None
2026-02-20 12:08:10,205 - root - ERROR - Order failed: APIError(code=-1121): Invalid symbol.
2026-02-20 12:10:35,627 | INFO | Placing MARKET order: BTCUSDT BUY 0.002 @ 20
2026-02-20 12:10:36,384 | INFO | Order response: {'orderId': 12410252264, 'symbol': 'BTCUSDT', 'status': 'NEW', 'clientOrderId': 'x-Cb7ytekJ553d4df248cd4b5cd02753', 'price': '0.00', 'avgPrice': '0.00', 'origQty': '0.002', 'executedQty': '0.000', 'cumQty': '0.000', 'cumQuote': '0.00000', 'timeInForce': 'GTC', 'type': 'MARKET', 'reduceOnly': False, 'closePosition': False, 'side': 'BUY', 'positionSide': 'BOTH', 'stopPrice': '0.00', 'workingType': 'CONTRACT_PRICE', 'priceProtect': False, 'origType': 'MARKET', 'priceMatch': 'NONE', 'selfTradePreventionMode': 'EXPIRE_MAKER', 'goodTillDate': 0, 'updateTime': 1771569636099}
2026-02-20 12:15:04,132 | INFO | Placing MARKET order | BTCUSDT | BUY | Qty=0.002
2026-02-20 12:15:04,952 | INFO | Order Executed | ID=12410328267 | Symbol=BTCUSDT | Side=BUY | Type=MARKET | Status=NEW | ExecutedQty=0.000 | AvgPrice=0.00
